29.05.2022 23:38:35 Radmila3 3 /webdip/popis.php
29.05.2022 23:39:27 Radmila3 3 /webdip/popis.php
29.05.2022 23:39:36 Radmila3 3 /webdip/popis.php
29.05.2022 23:40:04 Radmila3 3 /webdip/popis.php
29.05.2022 23:42:01 Radmila3 3 /webdip/popis.php
29.05.2022 23:42:43 Radmila3 3 /webdip/popis.php
29.05.2022 23:43:46 Radmila3 3 /webdip/popis.php
29.05.2022 23:44:26 Radmila3 3 /webdip/popis.php
29.05.2022 23:44:27 Radmila3 3 /webdip/popis.php
29.05.2022 23:44:44 Radmila3 3 /webdip/popis.php
29.05.2022 23:44:49 Radmila3 3 /webdip/popis.php
29.05.2022 23:45:08 Radmila3 3 /webdip/popis.php
29.05.2022 23:45:23 Radmila3 3 /webdip/popis.php
29.05.2022 23:45:51 Radmila3 3 /webdip/popis.php
29.05.2022 23:45:55 Radmila3 3 /webdip/popis.php
29.05.2022 23:46:09 Radmila3 3 /webdip/popis.php
29.05.2022 23:46:37 Radmila3 3 /webdip/popis.php
29.05.2022 23:50:56 Radmila3 3 /webdip/index.php
29.05.2022 23:51:58 Radmila3 3 /webdip/multimedija.php
29.05.2022 23:52:05 Radmila3 3 /webdip/index.php
29.05.2022 23:52:09 Radmila3 3 /webdip/popis.php
29.05.2022 23:52:12 Radmila3 3 /webdip/index.php
29.05.2022 23:52:24 Radmila3 3 /webdip/popis.php
29.05.2022 23:52:44 Radmila3 3 /webdip/popis.php
29.05.2022 23:52:48 Radmila3 3 /webdip/index.php
29.05.2022 23:53:36 Radmila3 3 /webdip/index.php
29.05.2022 23:53:38 Radmila3 3 /webdip/index.php
29.05.2022 23:53:41 Radmila3 3 /webdip/multimedija.php
29.05.2022 23:53:44 Radmila3 3 /webdip/popis.php
29.05.2022 23:58:13 aleja 1 /webdip/popis.php
29.05.2022 23:59:31 aleja 1 /webdip/index.php
30.05.2022 00:10:24 aleja 1 /webdip/obrasci/prijava.php
30.05.2022 00:10:24 aleja 1 /webdip/index.php
30.05.2022 00:10:28 aleja 1 /webdip/index.php
30.05.2022 00:10:30 aleja 1 /webdip/multimedija.php
30.05.2022 00:10:34 aleja 1 /webdip/obrasci/obrazac.php
30.05.2022 00:10:40 aleja 1 /webdip/popis.php
30.05.2022 00:11:07 aleja 1 /webdip/popis.php
30.05.2022 00:14:59 aleja 1 /webdip/obrasci/obrazac.php
30.05.2022 00:16:16 aleja 1 /webdip/index.php
30.05.2022 00:16:20 aleja 1 /webdip/popis.php
30.05.2022 11:16:50 aleja 1 /webdip/obrasci/prijava.php
30.05.2022 11:16:50 aleja 1 /webdip/index.php
30.05.2022 11:16:52 aleja 1 /webdip/index.php
30.05.2022 11:16:53 aleja 1 /webdip/index.php
30.05.2022 11:17:06 aleja 1 /webdip/obrasci/prijava.php
30.05.2022 11:17:13 aleja 1 /webdip/obrasci/prijava.php
30.05.2022 11:17:13 aleja 1 /webdip/index.php
30.05.2022 11:17:16 aleja 1 /webdip/popis.php
30.05.2022 11:24:25 aleja 1 /webdip/popis.php
30.05.2022 15:02:09 aleja 1 /webdip/obrasci/registracija.php
30.05.2022 15:02:26 aleja 1 /webdip/obrasci/registracija.php
30.05.2022 15:36:18 aleja 1 /webdip/popis.php
30.05.2022 15:36:39 aleja 1 /webdip/popis.php
30.05.2022 16:40:27 aleja 1 /webdip/popis.php
30.05.2022 16:40:34 aleja 1 /webdip/popis.php
30.05.2022 16:40:39 aleja 1 /webdip/popis.php
30.05.2022 16:40:41 aleja 1 /webdip/popis.php
30.05.2022 16:40:45 aleja 1 /webdip/popis.php
30.05.2022 16:41:44 aleja 1 /webdip/popis.php
30.05.2022 16:41:46 aleja 1 /webdip/popis.php
30.05.2022 16:41:48 aleja 1 /webdip/popis.php
30.05.2022 16:42:56 aleja 1 /webdip/popis.php
30.05.2022 16:42:59 aleja 1 /webdip/popis.php
30.05.2022 16:43:01 aleja 1 /webdip/popis.php
30.05.2022 16:43:03 aleja 1 /webdip/popis.php
30.05.2022 16:45:00 aleja 1 /webdip/popis.php
30.05.2022 16:45:02 aleja 1 /webdip/popis.php
30.05.2022 16:45:15 aleja 1 /webdip/popis.php
30.05.2022 16:45:19 aleja 1 /webdip/popis.php
30.05.2022 16:45:30 aleja 1 /webdip/popis.php
30.05.2022 16:45:34 aleja 1 /webdip/popis.php
30.05.2022 16:45:35 aleja 1 /webdip/popis.php
30.05.2022 16:49:30 aleja 1 /webdip/index.php
30.05.2022 16:49:45 aleja 1 /webdip/popis.php
30.05.2022 16:51:09 aleja 1 /webdip/obrasci/registracija.php
30.05.2022 16:51:24 aleja 1 /webdip/obrasci/registracija.php
30.05.2022 16:52:57 aleja 1 /webdip/obrasci/registracija.php
30.05.2022 16:53:24 aleja 1 /webdip/obrasci/registracija.php
30.05.2022 16:54:40 aleja 1 /webdip/obrasci/registracija.php
30.05.2022 16:55:31 aleja 1 /webdip/obrasci/registracija.php
30.05.2022 16:57:29 aleja 1 /webdip/obrasci/registracija.php
30.05.2022 16:59:30 aleja 1 /webdip/obrasci/registracija.php
30.05.2022 17:07:37 aleja 1 /webdip/obrasci/registracija.php
30.05.2022 17:08:03 aleja 1 /webdip/obrasci/registracija.php
30.05.2022 17:10:33 aleja 1 /webdip/obrasci/registracija.php
30.05.2022 17:11:04 aleja 1 /webdip/obrasci/registracija.php
30.05.2022 17:13:53 aleja 1 /webdip/obrasci/registracija.php
30.05.2022 17:16:27 aleja 1 /webdip/obrasci/registracija.php
30.05.2022 17:21:53 aleja 1 /webdip/obrasci/registracija.php
30.05.2022 17:22:05 aleja 1 /webdip/obrasci/registracija.php
30.05.2022 17:22:57 aleja 1 /webdip/obrasci/registracija.php
30.05.2022 17:23:40 aleja 1 /webdip/obrasci/registracija.php
30.05.2022 17:27:33 aleja 1 /webdip/obrasci/registracija.php
30.05.2022 17:28:59 aleja 1 /webdip/obrasci/registracija.php
30.05.2022 17:32:37 aleja 1 /webdip/obrasci/registracija.php
30.05.2022 19:22:30 aleja 1 /webdip/index.php
30.05.2022 19:22:32 aleja 1 /webdip/obrasci/registracija.php
30.05.2022 19:24:11 aleja 1 /webdip/obrasci/registracija.php
30.05.2022 19:25:58 aleja 1 /webdip/obrasci/registracija.php
30.05.2022 19:26:32 aleja 1 /webdip/obrasci/registracija.php
30.05.2022 19:26:41 aleja 1 /webdip/obrasci/registracija.php
30.05.2022 19:26:59 aleja 1 /webdip/obrasci/registracija.php
30.05.2022 19:27:09 aleja 1 /webdip/obrasci/registracija.php
30.05.2022 19:27:47 aleja 1 /webdip/obrasci/registracija.php
30.05.2022 19:28:17 aleja 1 /webdip/obrasci/registracija.php
30.05.2022 19:28:23 aleja 1 /webdip/obrasci/registracija.php
30.05.2022 19:29:13 aleja 1 /webdip/obrasci/registracija.php
30.05.2022 19:30:13 aleja 1 /webdip/obrasci/registracija.php
30.05.2022 19:30:31 aleja 1 /webdip/obrasci/registracija.php
30.05.2022 19:36:41 aleja 1 /webdip/obrasci/registracija.php
30.05.2022 19:37:03 aleja 1 /webdip/obrasci/registracija.php
30.05.2022 19:37:57 aleja 1 /webdip/obrasci/registracija.php
30.05.2022 19:38:08 aleja 1 /webdip/obrasci/registracija.php
30.05.2022 19:38:23 aleja 1 /webdip/obrasci/registracija.php
30.05.2022 19:38:59 aleja 1 /webdip/obrasci/registracija.php
30.05.2022 19:39:10 aleja 1 /webdip/obrasci/registracija.php
30.05.2022 19:39:59 aleja 1 /webdip/obrasci/registracija.php
30.05.2022 19:46:29 aleja 1 /webdip/obrasci/registracija.php
30.05.2022 19:46:58 aleja 1 /webdip/obrasci/registracija.php
30.05.2022 19:47:16 aleja 1 /webdip/obrasci/prijava.php
30.05.2022 19:47:25 aleja 1 /webdip/obrasci/prijava.php
30.05.2022 19:47:25 aleja 1 /webdip/index.php
30.05.2022 19:47:27 aleja 1 /webdip/index.php
30.05.2022 19:47:30 aleja 1 /webdip/popis.php
30.05.2022 19:48:11 KonstraktAna 3 /webdip/popis.php
30.05.2022 19:48:39 KonstraktAna 3 /webdip/popis.php
30.05.2022 19:48:46 KonstraktAna 3 /webdip/popis.php
30.05.2022 19:48:55 KonstraktAna 3 /webdip/popis.php
30.05.2022 19:48:57 KonstraktAna 3 /webdip/popis.php
30.05.2022 19:48:58 KonstraktAna 3 /webdip/index.php
30.05.2022 19:49:08   /webdip/index.php
30.05.2022 19:49:12   /webdip/index.php
30.05.2022 19:49:17   /webdip/index.php
30.05.2022 19:50:42 aleja 1 /webdip/index.php
30.05.2022 19:50:44 aleja 1 /webdip/obrasci/prijava.php
30.05.2022 19:50:47 aleja 1 /webdip/popis.php
30.05.2022 19:50:51 aleja 1 /webdip/obrasci/registracija.php
30.05.2022 19:51:34 aleja 1 /webdip/obrasci/registracija.php
30.05.2022 19:52:30 aleja 1 /webdip/popis.php
30.05.2022 19:52:33 aleja 1 /webdip/obrasci/registracija.php
30.05.2022 19:52:37 aleja 1 /webdip/popis.php
30.05.2022 19:52:39 aleja 1 /webdip/obrasci/registracija.php
30.05.2022 19:53:11 aleja 1 /webdip/obrasci/registracija.php
30.05.2022 19:53:29 aleja 1 /webdip/obrasci/registracija.php
30.05.2022 19:53:36 aleja 1 /webdip/popis.php
30.05.2022 19:53:38 aleja 1 /webdip/obrasci/registracija.php
30.05.2022 19:54:02 aleja 1 /webdip/popis.php
30.05.2022 19:54:04 aleja 1 /webdip/obrasci/registracija.php
30.05.2022 19:54:51 aleja 1 /webdip/obrasci/registracija.php
30.05.2022 19:55:03 aleja 1 /webdip/obrasci/registracija.php
30.05.2022 19:55:25 aleja 1 /webdip/obrasci/registracija.php
30.05.2022 19:55:34 aleja 1 /webdip/obrasci/registracija.php
30.05.2022 19:56:09 aleja 1 /webdip/obrasci/registracija.php
30.05.2022 19:56:17 aleja 1 /webdip/obrasci/registracija.php
30.05.2022 19:56:29 aleja 1 /webdip/obrasci/registracija.php
30.05.2022 19:56:42 aleja 1 /webdip/popis.php
30.05.2022 19:56:43 aleja 1 /webdip/obrasci/registracija.php
30.05.2022 19:56:55 aleja 1 /webdip/popis.php
30.05.2022 19:57:07 aleja 1 /webdip/index.php
30.05.2022 19:58:43 KonstraktAna 3 /webdip/obrasci/prijava.php
30.05.2022 19:58:43 KonstraktAna 3 /webdip/index.php
30.05.2022 19:59:42   /webdip/index.php
30.05.2022 20:35:42 aleja 1 /webdip/index.php
30.05.2022 20:35:44 aleja 1 /webdip/multimedija.php
30.05.2022 20:35:47 aleja 1 /webdip/popis.php
30.05.2022 20:37:40 aleja 1 /webdip/popis.php
30.05.2022 20:41:19 aleja 1 /webdip/popis.php
30.05.2022 20:44:00 aleja 1 /webdip/obrasci/obrazac.php
30.05.2022 20:44:23 aleja 1 /webdip/obrasci/obrazac.php
30.05.2022 20:48:03 aleja 1 /webdip/obrasci/obrazac.php
30.05.2022 20:48:04 aleja 1 /webdip/obrasci/obrazac.php
30.05.2022 20:48:36 aleja 1 /webdip/obrasci/obrazac.php
30.05.2022 20:49:44 aleja 1 /webdip/obrasci/obrazac.php
30.05.2022 20:51:26 aleja 1 /webdip/obrasci/obrazac.php
30.05.2022 21:02:38 aleja 1 /webdip/obrasci/obrazac.php
30.05.2022 21:14:43 aleja 1 /webdip/obrasci/obrazac.php
30.05.2022 21:15:53 aleja 1 /webdip/obrasci/obrazac.php
30.05.2022 21:15:55 aleja 1 /webdip/obrasci/obrazac.php
30.05.2022 21:20:03 aleja 1 /webdip/obrasci/obrazac.php
30.05.2022 21:20:08 aleja 1 /webdip/obrasci/obrazac.php
30.05.2022 21:56:24 aleja 1 /webdip/obrasci/obrazac.php
30.05.2022 22:07:15 aleja 1 /webdip/obrasci/obrazac.php
30.05.2022 22:07:20 aleja 1 /webdip/obrasci/obrazac.php
30.05.2022 22:07:23 aleja 1 /webdip/obrasci/obrazac.php
30.05.2022 22:07:30 aleja 1 /webdip/obrasci/obrazac.php
30.05.2022 22:11:41 aleja 1 /webdip/obrasci/obrazac.php
30.05.2022 22:11:48 aleja 1 /webdip/obrasci/obrazac.php
30.05.2022 22:12:04 aleja 1 /webdip/obrasci/obrazac.php
30.05.2022 22:12:32 aleja 1 /webdip/obrasci/obrazac.php
30.05.2022 22:12:40 aleja 1 /webdip/obrasci/obrazac.php
30.05.2022 22:13:40 aleja 1 /webdip/obrasci/obrazac.php
30.05.2022 22:16:29 aleja 1 /webdip/obrasci/obrazac.php
30.05.2022 22:16:47 aleja 1 /webdip/obrasci/obrazac.php
30.05.2022 22:22:23 Radmila3 3 /webdip/index.php
30.05.2022 22:22:27 Radmila3 3 /webdip/popis.php
30.05.2022 22:22:33 Radmila3 3 /webdip/obrasci/obrazac.php
30.05.2022 22:23:43 Radmila3 3 /webdip/obrasci/obrazac.php
30.05.2022 22:23:51 Radmila3 3 /webdip/obrasci/obrazac.php
30.05.2022 22:24:13 Radmila3 3 /webdip/obrasci/obrazac.php
30.05.2022 22:24:24 Radmila3 3 /webdip/index.php
30.05.2022 22:24:27 Radmila3 3 /webdip/obrasci/obrazac.php
30.05.2022 22:25:21 Radmila3 3 /webdip/obrasci/obrazac.php
30.05.2022 22:25:25 Radmila3 3 /webdip/obrasci/obrazac.php
30.05.2022 22:30:05 Radmila3 3 /webdip/obrasci/obrazac.php
30.05.2022 22:30:17 Radmila3 3 /webdip/obrasci/obrazac.php
30.05.2022 22:30:22 Radmila3 3 /webdip/index.php
30.05.2022 22:30:23 Radmila3 3 /webdip/obrasci/obrazac.php
30.05.2022 22:30:25 Radmila3 3 /webdip/obrasci/obrazac.php
30.05.2022 22:31:15 Radmila3 3 /webdip/obrasci/obrazac.php
30.05.2022 22:31:25 Radmila3 3 /webdip/obrasci/obrazac.php
30.05.2022 22:38:36 Radmila3 3 /webdip/obrasci/prijava.php
30.05.2022 22:38:36 Radmila3 3 /webdip/index.php
30.05.2022 22:38:38 Radmila3 3 /webdip/index.php
30.05.2022 22:38:58 aleja 1 /webdip/obrasci/prijava.php
30.05.2022 22:38:58 aleja 1 /webdip/index.php
30.05.2022 22:40:32 aleja 1 /webdip/index.php
30.05.2022 22:40:34 aleja 1 /webdip/popis.php
30.05.2022 22:40:35 aleja 1 /webdip/obrasci/prijava.php
30.05.2022 22:40:35 aleja 1 /webdip/index.php
30.05.2022 22:42:12 aleja 1 /webdip/obrasci/prijava.php
30.05.2022 22:42:13 aleja 1 /webdip/obrasci/prijava.php
30.05.2022 22:42:13 aleja 1 /webdip/obrasci/prijava.php
30.05.2022 22:42:16 aleja 1 /webdip/obrasci/prijava.php
30.05.2022 22:42:25 aleja 1 /webdip/obrasci/prijava.php
30.05.2022 22:42:43 aleja 1 /webdip/obrasci/prijava.php
30.05.2022 22:42:44 aleja 1 /webdip/obrasci/prijava.php
30.05.2022 22:43:11 aleja 1 /webdip/obrasci/prijava.php
30.05.2022 22:43:11 aleja 1 /webdip/index.php
30.05.2022 22:43:13 aleja 1 /webdip/index.php
30.05.2022 22:43:27 aleja 1 /webdip/index.php
30.05.2022 23:06:44 aleja 1 /webdip/index.php
30.05.2022 23:07:05 aleja 1 /webdip/obrasci/obrazac.php
30.05.2022 23:07:07 aleja 1 /webdip/obrasci/obrazac.php
30.05.2022 23:07:22 aleja 1 /webdip/obrasci/obrazac.php
30.05.2022 23:09:13 aleja 1 /webdip/obrasci/obrazac.php
30.05.2022 23:10:44 aleja 1 /webdip/obrasci/obrazac.php
30.05.2022 23:12:32 aleja 1 /webdip/obrasci/obrazac.php
30.05.2022 23:13:22 aleja 1 /webdip/obrasci/obrazac.php
30.05.2022 23:13:34 aleja 1 /webdip/obrasci/obrazac.php
30.05.2022 23:16:07 aleja 1 /webdip/obrasci/obrazac.php
30.05.2022 23:19:08 aleja 1 /webdip/obrasci/obrazac.php
30.05.2022 23:19:52 aleja 1 /webdip/obrasci/obrazac.php
30.05.2022 23:20:16 aleja 1 /webdip/obrasci/obrazac.php
30.05.2022 23:21:14 aleja 1 /webdip/obrasci/obrazac.php
30.05.2022 23:21:40 aleja 1 /webdip/obrasci/obrazac.php
30.05.2022 23:22:24 aleja 1 /webdip/obrasci/obrazac.php
30.05.2022 23:22:51 aleja 1 /webdip/obrasci/obrazac.php
30.05.2022 23:23:44 aleja 1 /webdip/obrasci/obrazac.php
30.05.2022 23:23:44 aleja 1 /webdip/multimedija.php
30.05.2022 23:23:46 aleja 1 /webdip/index.php
30.05.2022 23:25:14 aleja 1 /webdip/index.php
30.05.2022 23:25:16 aleja 1 /webdip/obrasci/obrazac.php
30.05.2022 23:25:17 aleja 1 /webdip/obrasci/obrazac.php
